<?xml version="1.0" encoding="UTF-8"?>
<coverage generated="1683746850916" clover="3.2.0">
  <project timestamp="1683746850916" name="All files">
    <metrics statements="8" coveredstatements="3" conditionals="0" coveredconditionals="0" methods="4" coveredmethods="1" elements="12" coveredelements="4" complexity="0" loc="8" ncloc="8" packages="1" files="1" classes="1"/>
    <file name="operations.js" path="C:\Users\anomaly\Documents\Github\Microverse\Todo_Testing\src\modules\operations.js">
      <metrics statements="8" coveredstatements="3" conditionals="0" coveredconditionals="0" methods="4" coveredmethods="1"/>
      <line num="2" count="2" type="stmt"/>
      <line num="7" count="2" type="stmt"/>
      <line num="8" count="2" type="stmt"/>
      <line num="12" count="0" type="stmt"/>
      <line num="13" count="0" type="stmt"/>
      <line num="14" count="0" type="stmt"/>
      <line num="18" count="0" type="stmt"/>
      <line num="19" count="0" type="stmt"/>
    </file>
  </project>
</coverage>
